TN:Life
SF:/usr/include/x86_64-linux-gnu/bits/stdio2.h
DA:97,1
LF:1
LH:1
end_of_record
SF:/home/alex/uni/master/effprog/effprog/life.c
FN:8,alive
FN:22,newcell
FN:32,checkcell
FN:54,onegeneration
FN:75,freecelllist
FN:84,readlife
FN:94,writelife
FN:100,countcells
FN:108,main
FNDA:3006104,alive
FNDA:47305,newcell
FNDA:420714,checkcell
FNDA:100,onegeneration
FNDA:100,freecelllist
FNDA:1,readlife
FNDA:1,writelife
FNDA:1,countcells
FNDA:1,main
FNF:9
FNH:9
DA:8,3006104
DA:11,1108886323
DA:13,1106891909
DA:22,47305
DA:24,47305
DA:26,47305
DA:27,47305
DA:28,47305
DA:29,47305
DA:32,420714
DA:34,420714
DA:35,420714
DA:37,311046
DA:38,311046
DA:39,311046
DA:40,311046
DA:41,311046
DA:42,311046
DA:43,311046
DA:44,311046
DA:46,311046
DA:47,35328
DA:48,275718
DA:49,11662
DA:54,100
DA:56,100
DA:59,46846
DA:60,46746
DA:61,46746
DA:62,46746
DA:63,46746
DA:64,46746
DA:65,46746
DA:66,46746
DA:67,46746
DA:68,46746
DA:69,46746
DA:70,46746
DA:72,100
DA:75,100
DA:77,46946
DA:78,46746
DA:79,46746
DA:80,46746
DA:82,100
DA:84,1
DA:86,1
DA:87,1
DA:88,0
DA:89,0
DA:91,1
DA:94,1
DA:96,560
DA:97,1118
DA:98,1
DA:100,1
DA:102,1
DA:103,560
DA:104,559
DA:105,1
DA:108,1
DA:115,1
DA:116,0
DA:117,0
DA:119,1
DA:120,1
DA:121,0
DA:122,0
DA:124,1
DA:125,101
DA:126,100
DA:127,100
DA:128,100
DA:130,1
DA:131,2
LF:75
LH:69
end_of_record
TN:Life
SF:/usr/include/x86_64-linux-gnu/bits/stdio2.h
DA:97,0
LF:1
LH:0
end_of_record
SF:/home/alex/uni/master/effprog/effprog/readlife.tab.c
FNDA:1,yyparse
FNF:1
FNH:1
DA:994,1
DA:1022,1
DA:1038,1
DA:1040,1
DA:1041,1
DA:1042,1
DA:1046,1
DA:1047,1
DA:1048,1
DA:1049,1
DA:1050,1
DA:1058,8824
DA:1061,8825
DA:1063,8825
DA:1066,0
DA:1093,0
DA:1095,0
DA:1096,0
DA:1097,0
DA:1100,0
DA:1101,0
DA:1102,0
DA:1103,0
DA:1105,0
DA:1106,0
DA:1108,0
DA:1109,0
DA:1114,0
DA:1115,0
DA:1120,0
DA:1126,8825
DA:1140,8824
DA:1141,8824
DA:1147,3468
DA:1150,2521
DA:1153,3468
DA:1155,2
DA:1160,3466
DA:1166,3468
DA:1167,3468
DA:1169,2522
DA:1170,2522
DA:1174,1
DA:1175,1
DA:1187,2521
DA:1189,2521
DA:1191,2521
DA:1194,2521
DA:1201,6302
DA:1202,6302
DA:1212,6303
DA:1222,6303
DA:1226,6303
DA:1232,1
DA:1238,1
DA:1244,315
DA:1250,315
DA:1256,0
DA:1262,630
DA:1268,630
DA:1274,1260
DA:1280,125
DA:1286,76
DA:1292,173
DA:1298,370
DA:1304,465
DA:1310,220
DA:1316,140
DA:1322,124
DA:1328,89
DA:1334,108
DA:1353,6303
DA:1354,6303
DA:1357,6303
DA:1363,6303
DA:1365,6303
DA:1366,6303
DA:1367,2520
DA:1369,3783
DA:1380,0
DA:1385,0
DA:1387,0
DA:1531,0
DA:1537,1
DA:1541,0
DA:1549,3
DA:1553,2
DA:1556,1
DA:1557,0
DA:1563,1
LF:90
LH:67
end_of_record
SF:/home/alex/uni/master/effprog/effprog/readlife.y
FN:7,yylex
FN:18,yyerror
FNDA:2521,yylex
FNDA:0,yyerror
FNF:2
FNH:1
DA:7,2521
DA:9,2521
DA:10,2521
DA:11,315
DA:12,2521
DA:15,2520
DA:18,0
DA:20,0
DA:21,0
DA:34,1
DA:45,1
DA:46,315
DA:49,315
DA:52,0
DA:53,630
DA:56,630
DA:57,1260
DA:60,125
DA:61,76
DA:62,173
DA:63,370
DA:64,465
DA:65,220
DA:66,140
DA:67,124
DA:68,89
DA:69,108
LF:27
LH:23
end_of_record
